<?xml version="1.0" encoding="utf-8"?><testsuites name="pytest tests"><testsuite name="pytest" errors="0" failures="0" skipped="0" tests="16" time="6.722" timestamp="2026-09-23T09:48:02.620595+00:00" hostname="agent-env-f8ed3d00-e90b-42e5-84fc-485832e0cbcc"><testcase classname="tests.test_api_core_flows.TestHealthAndAuth" name="test_health_ok" time="0.218" /><testcase classname="tests.test_api_core_flows.TestMealAndDailyLog" name="test_required_tag_server_validation" time="0.822" /><testcase classname="tests.test_api_core_flows.TestHealthAndAuth" name="test_unauthenticated_rejected" time="0.229" /><testcase classname="tests.test_api_core_flows.TestHealthAndAuth" name="test_invalid_credentials_rejected" time="0.370" /><testcase classname="tests.test_api_core_flows.TestHealthAndAuth" name="test_register_me_logout" time="0.741" /><testcase classname="tests.test_api_core_flows.TestMealAndDailyLog" name="test_score_formula_and_duplicate_save_idempotent" time="0.740" /><testcase classname="tests.test_api_core_flows.TestHealthAndAuth" name="test_google_invalid_session_rejected" time="0.490" /><testcase classname="tests.test_api_core_flows.TestMealAndDailyLog" name="test_fni_values_for_all_source_tags" time="0.910" /><testcase classname="tests.test_api_core_flows.TestOnboardingAndQuota" name="test_onboarding_persists_to_me" time="0.495" /><testcase classname="tests.test_api_core_flows.TestMealAndDailyLog" name="test_cross_account_meal_isolation" time="1.215" /><testcase classname="tests.test_api_core_flows.TestOnboardingAndQuota" name="test_free_quota_then_pro_unlimited_then_downgrade_restricts_theme" time="1.801" /><testcase classname="tests.test_api_core_flows.TestMealAndDailyLog" name="test_sleep_validation_and_recovery_requires_journal" time="0.581" /><testcase classname="tests.test_scoring_insight" name="test_insight_triggers_with_low_sleep_and_higher_afternoon_sugar" time="0.000" /><testcase classname="tests.test_scoring_insight" name="test_insight_not_triggered_without_pattern" time="0.000" /><testcase classname="tests.test_api_core_flows.TestMediaAndPDF" name="test_upload_image_and_cross_account_access_control" time="1.238" /><testcase classname="tests.test_api_core_flows.TestMediaAndPDF" name="test_invalid_image_rejected_and_pdf_downloads" time="0.719" /></testsuite></testsuites>